<?xml version="1.0" encoding="UTF-8"?>
<!-- Generated by org.testng.reporters.JUnitXMLReporter -->
<testsuite hostname="DESKTOP-6RCEUOS" ignored="0" name="Default test" tests="3" failures="0" timestamp="2020-10-18T20:02:38 IST" time="4.032" errors="0">
  <testcase name="status_code_verify" time="0.127" classname="CodeMaxApi.RestAssured.ValidateGetRequest"/>
  <testcase name="status_message_verify" time="0.55" classname="CodeMaxApi.RestAssured.ValidateGetRequest"/>
  <testcase name="print_message" time="0.339" classname="CodeMaxApi.RestAssured.ValidateGetRequest"/>
</testsuite> <!-- Default test -->
