<?xml version="1.0" encoding="UTF-8"?>
<!-- Generated by org.testng.reporters.JUnitXMLReporter -->
<testsuite hostname="DESKTOP-6RCEUOS" ignored="0" name="Test" tests="3" failures="0" timestamp="2020-10-18T19:59:11 IST" time="4.426" errors="0">
  <testcase name="status_code_verify" time="0.091" classname="CodeMaxApi.RestAssured.ValidateGetRequest"/>
  <testcase name="status_message_verify" time="0.552" classname="CodeMaxApi.RestAssured.ValidateGetRequest"/>
  <testcase name="print_message" time="0.317" classname="CodeMaxApi.RestAssured.ValidateGetRequest"/>
</testsuite> <!-- Test -->
